app/build/outputs/logs/manifest-merger-debug-report.txt
-- Merging decision tree log ---
manifest
ADDED from src\main\AndroidManifest.xml:2:1-462:12
INJECTED from src\main\AndroidManifest.xml:2:1-462:12
INJECTED from src\main\AndroidManifest.xml:2:1-462:12
INJECTED from src\main\AndroidManifest.xml:2:1-462:12
MERGED from [com.google.android.material:material:1.11.0] AndroidManifest.xml:17:1-24:12
MERGED from [androidx.constraintlayout:constraintlayout:2.1.4] AndroidManifest.xml:2:1-11:12
MERGED from [pub.devrel:easypermissions:3.0.0] AndroidManifest.xml:2:1-19:12
MERGED from [com.airbnb.android:lottie:5.2.0] AndroidManifest.xml:2:1-11:12
MERGED from [androidx.appcompat:appcompat-resources:1.6.1] AndroidManifest.xml:17:1-22:12
MERGED from [androidx.appcompat:appcompat:1.6.1] AndroidManifest.xml:17:1-22:12
MERGED from [com.github.gcacace:signature-pad:1.3.1] AndroidManifest.xml:2:1-13:12
MERGED from [com.github.bumptech.glide:glide:4.15.1] AndroidManifest.xml:2:1-11:12
MERGED from [de.hdodenhof:circleimageview:3.1.0] AndroidManifest.xml:2:1-11:12
MERGED from [androidx.swiperefreshlayout:swiperefreshlayout:1.1.0] AndroidManifest.xml:17:1-24:12
MERGED from [androidx.viewpager2:viewpager2:1.0.0] AndroidManifest.xml:17:1-24:12
MERGED from [androidx.fragment:fragment:1.3.6] AndroidManifest.xml:17:1-24:12
MERGED from [androidx.activity:activity:1.8.0] AndroidManifest.xml:17:1-22:12
MERGED from [androidx.emoji2:emoji2-views-helper:1.2.0] AndroidManifest.xml:2:1-7:12
MERGED from [androidx.emoji2:emoji2:1.2.0] AndroidManifest.xml:17:1-35:12
MERGED from [androidx.drawerlayout:drawerlayout:1.1.1] AndroidManifest.xml:17:1-24:12
MERGED from [androidx.coordinatorlayout:coordinatorlayout:1.1.0] AndroidManifest.xml:17:1-24:12
MERGED from [androidx.dynamicanimation:dynamicanimation:1.0.0] AndroidManifest.xml:17:1-22:12
MERGED from [androidx.transition:transition:1.2.0] AndroidManifest.xml:17:1-24:12
MERGED from [androidx.vectordrawable:vectordrawable-animated:1.1.0] AndroidManifest.xml:17:1-24:12
MERGED from [androidx.vectordrawable:vectordrawable:1.1.0] AndroidManifest.xml:17:1-24:12
MERGED from [androidx.legacy:legacy-support-core-utils:1.0.0] AndroidManifest.xml:17:1-22:12
MERGED from [androidx.loader:loader:1.0.0] AndroidManifest.xml:17:1-22:12
MERGED from [androidx.savedstate:savedstate:1.2.1] AndroidManifest.xml:17:1-22:12
MERGED from [androidx.lifecycle:lifecycle-process:2.6.1] AndroidManifest.xml:17:1-35:12
MERGED from [androidx.lifecycle:lifecycle-livedata-core:2.6.1] AndroidManifest.xml:17:1-22:12
MERGED from [androidx.lifecycle:lifecycle-livedata:2.6.1] AndroidManifest.xml:17:1-22:12
MERGED from [androidx.lifecycle:lifecycle-viewmodel:2.6.1] AndroidManifest.xml:17:1-22:12
MERGED from [androidx.lifecycle:lifecycle-runtime:2.6.1] AndroidManifest.xml:2:1-7:12
MERGED from [androidx.lifecycle:lifecycle-viewmodel-savedstate:2.6.1] AndroidManifest.xml:17:1-22:12
MERGED from [androidx.core:core-ktx:1.9.0] AndroidManifest.xml:2:1-7:12
MERGED from [androidx.viewpager:viewpager:1.0.0] AndroidManifest.xml:17:1-22:12
MERGED from [androidx.recyclerview:recyclerview:1.1.0] AndroidManifest.xml:17:1-24:12
MERGED from [androidx.customview:customview:1.1.0] AndroidManifest.xml:17:1-24:12
MERGED from [androidx.core:core:1.9.0] AndroidManifest.xml:17:1-30:12
MERGED from [androidx.cursoradapter:cursoradapter:1.0.0] AndroidManifest.xml:17:1-22:12
MERGED from [androidx.cardview:cardview:1.0.0] AndroidManifest.xml:17:1-22:12
MERGED from [com.github.bumptech.glide:gifdecoder:4.15.1] AndroidManifest.xml:2:1-11:12
MERGED from [androidx.exifinterface:exifinterface:1.3.3] AndroidManifest.xml:17:1-24:12
MERGED from [androidx.profileinstaller:profileinstaller:1.3.0] AndroidManifest.xml:17:1-55:12
MERGED from [androidx.startup:startup-runtime:1.1.1] AndroidManifest.xml:17:1-33:12
MERGED from [androidx.tracing:tracing:1.0.0] AndroidManifest.xml:17:1-24:12
MERGED from [androidx.interpolator:interpolator:1.0.0] AndroidManifest.xml:17:1-22:12
MERGED from [androidx.versionedparcelable:versionedparcelable:1.1.1] AndroidManifest.xml:17:1-27:12
MERGED from [androidx.arch.core:core-runtime:2.2.0] AndroidManifest.xml:17:1-22:12
MERGED from [androidx.documentfile:documentfile:1.0.0] AndroidManifest.xml:17:1-22:12
MERGED from [androidx.localbroadcastmanager:localbroadcastmanager:1.0.0] AndroidManifest.xml:17:1-22:12
MERGED from [androidx.print:print:1.0.0] AndroidManifest.xml:17:1-22:12
MERGED from [androidx.annotation:annotation-experimental:1.3.0] AndroidManifest.xml:17:1-22:12
INJECTED from src\main\AndroidManifest.xml:2:1-462:12
INJECTED from src\main\AndroidManifest.xml:2:1-462:12
INJECTED from src\main\AndroidManifest.xml:2:1-462:12
	package
		INJECTED from src\main\AndroidManifest.xml
		ADDED from src\main\AndroidManifest.xml:2:1-462:12
		INJECTED from src\main\AndroidManifest.xml
	android:versionName
		INJECTED from src\main\AndroidManifest.xml
		ADDED from src\main\AndroidManifest.xml:2:1-462:12
		INJECTED from src\main\AndroidManifest.xml
	xmlns:tools
		ADDED from src\main\AndroidManifest.xml:3:5-51
	android:versionCode
		INJECTED from src\main\AndroidManifest.xml
		ADDED from src\main\AndroidManifest.xml:2:1-462:12
		INJECTED from src\main\AndroidManifest.xml
	xmlns:android
		ADDED from src\main\AndroidManifest.xml:2:11-69
uses-permission#android.permission.ACCESS_NETWORK_STATE
ADDED from src\main\AndroidManifest.xml:5:5-79
	android:name
		ADDED from src\main\AndroidManifest.xml:5:22-76
uses-permission#android.permission.BLUETOOTH_CONNECT
ADDED from src\main\AndroidManifest.xml:6:5-76
	android:name
		ADDED from src\main\AndroidManifest.xml:6:22-73
uses-permission#android.permission.WRITE_EXTERNAL_STORAGE
ADDED from src\main\AndroidManifest.xml:7:5-81
	android:name
		ADDED from src\main\AndroidManifest.xml:7:22-78
uses-permission#android.permission.READ_EXTERNAL_STORAGE
ADDED from src\main\AndroidManifest.xml:8:5-80
	android:name
		ADDED from src\main\AndroidManifest.xml:8:22-77
uses-permission#android.permission.BLUETOOTH
ADDED from src\main\AndroidManifest.xml:9:5-68
	android:name
		ADDED from src\main\AndroidManifest.xml:9:22-65
uses-permission#android.permission.BLUETOOTH_ADMIN
ADDED from src\main\AndroidManifest.xml:10:5-74
	android:name
		ADDED from src\main\AndroidManifest.xml:10:22-71
uses-permission#android.permission.CHANGE_WIFI_MULTICAST_STATE
ADDED from src\main\AndroidManifest.xml:11:5-86
	android:name
		ADDED from src\main\AndroidManifest.xml:11:22-83
uses-permission#android.permission.INTERNET
ADDED from src\main\AndroidManifest.xml:12:5-67
	android:name
		ADDED from src\main\AndroidManifest.xml:12:22-64
uses-permission#android.permission.CAMERA
ADDED from src\main\AndroidManifest.xml:13:5-65
	android:name
		ADDED from src\main\AndroidManifest.xml:13:22-62
uses-permission#android.permission.VIBRATE
ADDED from src\main\AndroidManifest.xml:14:5-66
	android:name
		ADDED from src\main\AndroidManifest.xml:14:22-63
uses-permission#android.permission.FLASHLIGHT
ADDED from src\main\AndroidManifest.xml:15:5-69
	android:name
		ADDED from src\main\AndroidManifest.xml:15:22-66
uses-permission#android.permission.ACCESS_FINE_LOCATION
ADDED from src\main\AndroidManifest.xml:16:5-79
	android:name
		ADDED from src\main\AndroidManifest.xml:16:22-76
uses-permission#android.permission.ACCESS_COARSE_LOCATION
ADDED from src\main\AndroidManifest.xml:17:5-81
	android:name
		ADDED from src\main\AndroidManifest.xml:17:22-78
uses-permission#android.permission.BLUETOOTH_SCAN
ADDED from src\main\AndroidManifest.xml:18:5-73
	android:name
		ADDED from src\main\AndroidManifest.xml:18:22-70
uses-permission#android.permission.WRITE_SETTINGS
ADDED from src\main\AndroidManifest.xml:20:5-22:47
	tools:ignore
		ADDED from src\main\AndroidManifest.xml:22:9-44
	android:name
		ADDED from src\main\AndroidManifest.xml:21:9-57
uses-permission#com.google.android.gms.permission.AD_ID
ADDED from src\main\AndroidManifest.xml:23:5-79
	android:name
		ADDED from src\main\AndroidManifest.xml:23:22-76
uses-feature#android.hardware.camera
ADDED from src\main\AndroidManifest.xml:25:5-60
	android:name
		ADDED from src\main\AndroidManifest.xml:25:19-57
application
ADDED from src\main\AndroidManifest.xml:27:5-460:19
MERGED from [com.google.android.material:material:1.11.0] AndroidManifest.xml:22:5-20
MERGED from [com.google.android.material:material:1.11.0] AndroidManifest.xml:22:5-20
MERGED from [androidx.constraintlayout:constraintlayout:2.1.4] AndroidManifest.xml:9:5-20
MERGED from [androidx.constraintlayout:constraintlayout:2.1.4] AndroidManifest.xml:9:5-20
MERGED from [pub.devrel:easypermissions:3.0.0] AndroidManifest.xml:11:5-17:19
MERGED from [pub.devrel:easypermissions:3.0.0] AndroidManifest.xml:11:5-17:19
MERGED from [com.airbnb.android:lottie:5.2.0] AndroidManifest.xml:9:5-20
MERGED from [com.airbnb.android:lottie:5.2.0] AndroidManifest.xml:9:5-20
MERGED from [com.github.gcacace:signature-pad:1.3.1] AndroidManifest.xml:11:5-20
MERGED from [com.github.gcacace:signature-pad:1.3.1] AndroidManifest.xml:11:5-20
MERGED from [com.github.bumptech.glide:glide:4.15.1] AndroidManifest.xml:9:5-20
MERGED from [com.github.bumptech.glide:glide:4.15.1] AndroidManifest.xml:9:5-20
MERGED from [de.hdodenhof:circleimageview:3.1.0] AndroidManifest.xml:9:5-20
MERGED from [de.hdodenhof:circleimageview:3.1.0] AndroidManifest.xml:9:5-20
MERGED from [androidx.emoji2:emoji2:1.2.0] AndroidManifest.xml:23:5-33:19
MERGED from [androidx.emoji2:emoji2:1.2.0] AndroidManifest.xml:23:5-33:19
MERGED from [androidx.lifecycle:lifecycle-process:2.6.1] AndroidManifest.xml:23:5-33:19
MERGED from [androidx.lifecycle:lifecycle-process:2.6.1] AndroidManifest.xml:23:5-33:19
MERGED from [androidx.core:core:1.9.0] AndroidManifest.xml:28:5-89
MERGED from [androidx.core:core:1.9.0] AndroidManifest.xml:28:5-89
MERGED from [com.github.bumptech.glide:gifdecoder:4.15.1] AndroidManifest.xml:9:5-20
MERGED from [com.github.bumptech.glide:gifdecoder:4.15.1] AndroidManifest.xml:9:5-20
MERGED from [androidx.profileinstaller:profileinstaller:1.3.0] AndroidManifest.xml:23:5-53:19
MERGED from [androidx.profileinstaller:profileinstaller:1.3.0] AndroidManifest.xml:23:5-53:19
MERGED from [androidx.startup:startup-runtime:1.1.1] AndroidManifest.xml:25:5-31:19
MERGED from [androidx.startup:startup-runtime:1.1.1] AndroidManifest.xml:25:5-31:19
MERGED from [androidx.versionedparcelable:versionedparcelable:1.1.1] AndroidManifest.xml:24:5-25:19
MERGED from [androidx.versionedparcelable:versionedparcelable:1.1.1] AndroidManifest.xml:24:5-25:19
	android:requestLegacyExternalStorage
		ADDED from src\main\AndroidManifest.xml:36:9-52
	android:appComponentFactory
		ADDED from [androidx.core:core:1.9.0] AndroidManifest.xml:28:18-86
	android:supportsRtl
		ADDED from src\main\AndroidManifest.xml:37:9-35
	android:label
		ADDED from src\main\AndroidManifest.xml:34:9-41
	android:fullBackupContent
		ADDED from src\main\AndroidManifest.xml:31:9-54
	tools:targetApi
		ADDED from src\main\AndroidManifest.xml:39:9-29
	android:icon
		ADDED from src\main\AndroidManifest.xml:33:9-43
	android:allowBackup
		ADDED from src\main\AndroidManifest.xml:29:9-36
	android:theme
		ADDED from src\main\AndroidManifest.xml:38:9-47
	android:networkSecurityConfig
		ADDED from src\main\AndroidManifest.xml:35:9-69
	android:dataExtractionRules
		ADDED from src\main\AndroidManifest.xml:30:9-65
	android:fullBackupOnly
		ADDED from src\main\AndroidManifest.xml:32:9-39
	android:name
		ADDED from src\main\AndroidManifest.xml:28:9-40
activity#.TodaysOrder2
ADDED from src\main\AndroidManifest.xml:40:9-48:20
	android:launchMode
		ADDED from src\main\AndroidManifest.xml:43:13-44
	android:exported
		ADDED from src\main\AndroidManifest.xml:42:13-37
	android:theme
		ADDED from src\main\AndroidManifest.xml:44:13-56
	android:name
		ADDED from src\main\AndroidManifest.xml:41:13-41
meta-data#android.app.lib_name
ADDED from src\main\AndroidManifest.xml:45:13-47:36
	android:value
		ADDED from src\main\AndroidManifest.xml:47:17-33
	android:name
		ADDED from src\main\AndroidManifest.xml:46:17-52
activity#.SewooPrinter.ReturnHistoryBluetoothActivity
ADDED from src\main\AndroidManifest.xml:49:9-54:68
	android:screenOrientation
		ADDED from src\main\AndroidManifest.xml:52:13-49
	android:label
		ADDED from src\main\AndroidManifest.xml:51:13-38
	android:windowSoftInputMode
		ADDED from src\main\AndroidManifest.xml:54:13-65
	android:theme
		ADDED from src\main\AndroidManifest.xml:53:13-56
	android:name
		ADDED from src\main\AndroidManifest.xml:50:13-72
activity#.ReturnHistoryDetails
ADDED from src\main\AndroidManifest.xml:55:9-59:71
	android:windowSoftInputMode
		ADDED from src\main\AndroidManifest.xml:59:13-68
	android:exported
		ADDED from src\main\AndroidManifest.xml:57:13-37
	android:theme
		ADDED from src\main\AndroidManifest.xml:58:13-56
	android:name
		ADDED from src\main\AndroidManifest.xml:56:13-49
activity#.Return_History
ADDED from src\main\AndroidManifest.xml:60:9-64:71
	android:windowSoftInputMode
		ADDED from src\main\AndroidManifest.xml:64:13-68
	android:exported
		ADDED from src\main\AndroidManifest.xml:62:13-37
	android:theme
		ADDED from src\main\AndroidManifest.xml:63:13-56
	android:name
		ADDED from src\main\AndroidManifest.xml:61:13-43
activity#.ZebraPrinter.ReturnHistoryReceiptDemo
ADDED from src\main\AndroidManifest.xml:65:9-70:59
	android:screenOrientation
		ADDED from src\main\AndroidManifest.xml:69:13-49
	android:launchMode
		ADDED from src\main\AndroidManifest.xml:68:13-44
	android:exported
		ADDED from src\main\AndroidManifest.xml:67:13-37
	android:theme
		ADDED from src\main\AndroidManifest.xml:70:13-56
	android:name
		ADDED from src\main\AndroidManifest.xml:66:13-66
activity#.ShowLoadinInvoice
ADDED from src\main\AndroidManifest.xml:71:9-80:20
	android:screenOrientation
		ADDED from src\main\AndroidManifest.xml:75:13-49
	android:launchMode
		ADDED from src\main\AndroidManifest.xml:74:13-44
	android:exported
		ADDED from src\main\AndroidManifest.xml:73:13-37
	android:theme
		ADDED from src\main\AndroidManifest.xml:76:13-56
	android:name
		ADDED from src\main\AndroidManifest.xml:72:13-46
activity#.NewOrderInvoice
ADDED from src\main\AndroidManifest.xml:81:9-87:71
	android:screenOrientation
		ADDED from src\main\AndroidManifest.xml:85:13-49
	android:launchMode
		ADDED from src\main\AndroidManifest.xml:84:13-44
	android:windowSoftInputMode
		ADDED from src\main\AndroidManifest.xml:87:13-68
	android:exported
		ADDED from src\main\AndroidManifest.xml:83:13-37
	android:theme
		ADDED from src\main\AndroidManifest.xml:86:13-56
	android:name
		ADDED from src\main\AndroidManifest.xml:82:13-44
activity#.CreateNewOrderForOutletAddQty
ADDED from src\main\AndroidManifest.xml:88:9-93:59
	android:screenOrientation
		ADDED from src\main\AndroidManifest.xml:92:13-49
	android:launchMode
		ADDED from src\main\AndroidManifest.xml:91:13-44
	android:exported
		ADDED from src\main\AndroidManifest.xml:90:13-37
	android:theme
		ADDED from src\main\AndroidManifest.xml:93:13-56
	android:name
		ADDED from src\main\AndroidManifest.xml:89:13-58
activity#.CreateNewOrderForNewOutlet
ADDED from src\main\AndroidManifest.xml:94:9-98:59
	android:launchMode
		ADDED from src\main\AndroidManifest.xml:97:13-44
	android:exported
		ADDED from src\main\AndroidManifest.xml:96:13-37
	android:theme
		ADDED from src\main\AndroidManifest.xml:98:13-56
	android:name
		ADDED from src\main\AndroidManifest.xml:95:13-55
activity#.NewSaleInvoice
ADDED from src\main\AndroidManifest.xml:99:9-105:71
	android:screenOrientation
		ADDED from src\main\AndroidManifest.xml:103:13-49
	android:launchMode
		ADDED from src\main\AndroidManifest.xml:102:13-44
	android:windowSoftInputMode
		ADDED from src\main\AndroidManifest.xml:105:13-68
	android:exported
		ADDED from src\main\AndroidManifest.xml:101:13-37
	android:theme
		ADDED from src\main\AndroidManifest.xml:104:13-56
	android:name
		ADDED from src\main\AndroidManifest.xml:100:13-43
activity#.TodaysOrder
ADDED from src\main\AndroidManifest.xml:106:9-114:20
	android:launchMode
		ADDED from src\main\AndroidManifest.xml:109:13-44
	android:exported
		ADDED from src\main\AndroidManifest.xml:108:13-37
	android:theme
		ADDED from src\main\AndroidManifest.xml:110:13-56
	android:name
		ADDED from src\main\AndroidManifest.xml:107:13-40
activity#.ReturnCreditNote
ADDED from src\main\AndroidManifest.xml:115:9-123:20
	android:windowSoftInputMode
		ADDED from src\main\AndroidManifest.xml:119:13-68
	android:exported
		ADDED from src\main\AndroidManifest.xml:117:13-37
	android:theme
		ADDED from src\main\AndroidManifest.xml:118:13-56
	android:name
		ADDED from src\main\AndroidManifest.xml:116:13-45
activity#.CustomerReturnDetailsBsdOnInvoice
ADDED from src\main\AndroidManifest.xml:124:9-132:20
	android:screenOrientation
		ADDED from src\main\AndroidManifest.xml:127:13-49
	android:exported
		ADDED from src\main\AndroidManifest.xml:126:13-37
	android:theme
		ADDED from src\main\AndroidManifest.xml:128:13-56
	android:name
		ADDED from src\main\AndroidManifest.xml:125:13-62
activity#.CustomerReturn
ADDED from src\main\AndroidManifest.xml:133:9-140:20
	android:exported
		ADDED from src\main\AndroidManifest.xml:135:13-37
	android:theme
		ADDED from src\main\AndroidManifest.xml:136:13-56
	android:name
		ADDED from src\main\AndroidManifest.xml:134:13-43
activity#.DeliveryHistoryDetails
ADDED from src\main\AndroidManifest.xml:141:9-150:20
	android:screenOrientation
		ADDED from src\main\AndroidManifest.xml:145:13-49
	android:launchMode
		ADDED from src\main\AndroidManifest.xml:144:13-44
	android:exported
		ADDED from src\main\AndroidManifest.xml:143:13-37
	android:theme
		ADDED from src\main\AndroidManifest.xml:146:13-56
	android:name
		ADDED from src\main\AndroidManifest.xml:142:13-51
activity#.DeliveryHistory
ADDED from src\main\AndroidManifest.xml:151:9-161:20
	android:screenOrientation
		ADDED from src\main\AndroidManifest.xml:156:13-47
	android:launchMode
		ADDED from src\main\AndroidManifest.xml:155:13-44
	android:exported
		ADDED from src\main\AndroidManifest.xml:154:13-37
	android:configChanges
		ADDED from src\main\AndroidManifest.xml:153:13-59
	android:theme
		ADDED from src\main\AndroidManifest.xml:157:13-56
	android:name
		ADDED from src\main\AndroidManifest.xml:152:13-44
activity#.Empty_activity
ADDED from src\main\AndroidManifest.xml:162:9-168:20
	android:exported
		ADDED from src\main\AndroidManifest.xml:164:13-37
	android:name
		ADDED from src\main\AndroidManifest.xml:163:13-43
activity#.splashscreen
ADDED from src\main\AndroidManifest.xml:169:9-175:20
	android:exported
		ADDED from src\main\AndroidManifest.xml:171:13-37
	android:name
		ADDED from src\main\AndroidManifest.xml:170:13-41
activity#.splashscreen2
ADDED from src\main\AndroidManifest.xml:176:9-189:20
	android:exported
		ADDED from src\main\AndroidManifest.xml:178:13-36
	android:theme
		ADDED from src\main\AndroidManifest.xml:179:13-56
	android:name
		ADDED from src\main\AndroidManifest.xml:177:13-42
intent-filter#action:name:android.intent.action.MAIN+category:name:android.intent.category.LAUNCHER
ADDED from src\main\AndroidManifest.xml:180:13-184:29
action#android.intent.action.MAIN
ADDED from src\main\AndroidManifest.xml:181:17-69
	android:name
		ADDED from src\main\AndroidManifest.xml:181:25-66
category#android.intent.category.LAUNCHER
ADDED from src\main\AndroidManifest.xml:183:17-77
	android:name
		ADDED from src\main\AndroidManifest.xml:183:27-74
activity#.StockInventory
ADDED from src\main\AndroidManifest.xml:190:9-198:20
	android:screenOrientation
		ADDED from src\main\AndroidManifest.xml:193:13-49
	android:exported
		ADDED from src\main\AndroidManifest.xml:192:13-37
	android:theme
		ADDED from src\main\AndroidManifest.xml:194:13-56
	android:name
		ADDED from src\main\AndroidManifest.xml:191:13-43
activity#.SewooPrinter.MainActivity
ADDED from src\main\AndroidManifest.xml:199:9-204:57
	android:screenOrientation
		ADDED from src\main\AndroidManifest.xml:203:13-49
	android:windowSoftInputMode
		ADDED from src\main\AndroidManifest.xml:204:13-54
	android:exported
		ADDED from src\main\AndroidManifest.xml:202:13-36
	android:configChanges
		ADDED from src\main\AndroidManifest.xml:201:13-57
	android:name
		ADDED from src\main\AndroidManifest.xml:200:13-54
activity#.SewooPrinter.Bluetooth_Activity
ADDED from src\main\AndroidManifest.xml:205:9-210:68
	android:screenOrientation
		ADDED from src\main\AndroidManifest.xml:208:13-49
	android:label
		ADDED from src\main\AndroidManifest.xml:207:13-38
	android:windowSoftInputMode
		ADDED from src\main\AndroidManifest.xml:210:13-65
	android:theme
		ADDED from src\main\AndroidManifest.xml:209:13-56
	android:name
		ADDED from src\main\AndroidManifest.xml:206:13-60
activity#.SewooPrinter.ReturnBluetooth_Activity
ADDED from src\main\AndroidManifest.xml:211:9-216:68
	android:screenOrientation
		ADDED from src\main\AndroidManifest.xml:214:13-49
	android:label
		ADDED from src\main\AndroidManifest.xml:213:13-38
	android:windowSoftInputMode
		ADDED from src\main\AndroidManifest.xml:216:13-65
	android:theme
		ADDED from src\main\AndroidManifest.xml:215:13-56
	android:name
		ADDED from src\main\AndroidManifest.xml:212:13-66
activity#.SewooPrinter.NewOrderBluetoothActivity
ADDED from src\main\AndroidManifest.xml:217:9-222:68
	android:screenOrientation
		ADDED from src\main\AndroidManifest.xml:220:13-49
	android:label
		ADDED from src\main\AndroidManifest.xml:219:13-38
	android:windowSoftInputMode
		ADDED from src\main\AndroidManifest.xml:222:13-65
	android:theme
		ADDED from src\main\AndroidManifest.xml:221:13-56
	android:name
		ADDED from src\main\AndroidManifest.xml:218:13-67
activity#.SewooPrinter.DeliveryHistoryBluetooth_Activity
ADDED from src\main\AndroidManifest.xml:223:9-228:68
	android:screenOrientation
		ADDED from src\main\AndroidManifest.xml:226:13-49
	android:label
		ADDED from src\main\AndroidManifest.xml:225:13-38
	android:windowSoftInputMode
		ADDED from src\main\AndroidManifest.xml:228:13-65
	android:theme
		ADDED from src\main\AndroidManifest.xml:227:13-56
	android:name
		ADDED from src\main\AndroidManifest.xml:224:13-75
activity#.SewooPrinter.Menu_Activity
ADDED from src\main\AndroidManifest.xml:229:9-233:68
	android:screenOrientation
		ADDED from src\main\AndroidManifest.xml:232:13-49
	android:label
		ADDED from src\main\AndroidManifest.xml:231:13-33
	android:windowSoftInputMode
		ADDED from src\main\AndroidManifest.xml:233:13-65
	android:name
		ADDED from src\main\AndroidManifest.xml:230:13-55
activity#.DeliveryActivity
ADDED from src\main\AndroidManifest.xml:234:9-242:20
	android:screenOrientation
		ADDED from src\main\AndroidManifest.xml:238:13-49
	android:launchMode
		ADDED from src\main\AndroidManifest.xml:237:13-44
	android:exported
		ADDED from src\main\AndroidManifest.xml:236:13-37
	android:name
		ADDED from src\main\AndroidManifest.xml:235:13-45
activity#.CustomerDetailsOnTodaysDelivery
ADDED from src\main\AndroidManifest.xml:243:9-252:20
	android:screenOrientation
		ADDED from src\main\AndroidManifest.xml:247:13-49
	android:launchMode
		ADDED from src\main\AndroidManifest.xml:246:13-44
	android:exported
		ADDED from src\main\AndroidManifest.xml:245:13-37
	android:theme
		ADDED from src\main\AndroidManifest.xml:248:13-56
	android:name
		ADDED from src\main\AndroidManifest.xml:244:13-60
activity#.TodaysDelivery
ADDED from src\main\AndroidManifest.xml:253:9-261:20
	android:launchMode
		ADDED from src\main\AndroidManifest.xml:256:13-44
	android:exported
		ADDED from src\main\AndroidManifest.xml:255:13-37
	android:theme
		ADDED from src\main\AndroidManifest.xml:257:13-56
	android:name
		ADDED from src\main\AndroidManifest.xml:254:13-43
activity#.StartDeliveryActivity
ADDED from src\main\AndroidManifest.xml:262:9-269:20
	android:exported
		ADDED from src\main\AndroidManifest.xml:264:13-37
	android:theme
		ADDED from src\main\AndroidManifest.xml:265:13-56
	android:name
		ADDED from src\main\AndroidManifest.xml:263:13-50
activity#.OrderHistoryActivity
ADDED from src\main\AndroidManifest.xml:270:9-274:50
	android:screenOrientation
		ADDED from src\main\AndroidManifest.xml:274:13-47
	android:exported
		ADDED from src\main\AndroidManifest.xml:273:13-37
	android:configChanges
		ADDED from src\main\AndroidManifest.xml:272:13-59
	android:name
		ADDED from src\main\AndroidManifest.xml:271:13-49
activity#.LoadInActivity
ADDED from src\main\AndroidManifest.xml:275:9-281:59
	android:screenOrientation
		ADDED from src\main\AndroidManifest.xml:280:13-49
	android:launchMode
		ADDED from src\main\AndroidManifest.xml:279:13-44
	android:exported
		ADDED from src\main\AndroidManifest.xml:278:13-37
	android:configChanges
		ADDED from src\main\AndroidManifest.xml:277:13-59
	android:theme
		ADDED from src\main\AndroidManifest.xml:281:13-56
	android:name
		ADDED from src\main\AndroidManifest.xml:276:13-43
activity#.LoadInventory
ADDED from src\main\AndroidManifest.xml:282:9-288:59
	android:screenOrientation
		ADDED from src\main\AndroidManifest.xml:287:13-49
	android:launchMode
		ADDED from src\main\AndroidManifest.xml:286:13-44
	android:exported
		ADDED from src\main\AndroidManifest.xml:285:13-37
	android:configChanges
		ADDED from src\main\AndroidManifest.xml:284:13-59
	android:theme
		ADDED from src\main\AndroidManifest.xml:288:13-56
	android:name
		ADDED from src\main\AndroidManifest.xml:283:13-42
activity#.UpdateQtyAddProd
ADDED from src\main\AndroidManifest.xml:289:9-297:20
	android:screenOrientation
		ADDED from src\main\AndroidManifest.xml:292:13-49
	android:exported
		ADDED from src\main\AndroidManifest.xml:291:13-37
	android:theme
		ADDED from src\main\AndroidManifest.xml:293:13-56
	android:name
		ADDED from src\main\AndroidManifest.xml:290:13-45
activity#.RepeatAddQuantity
ADDED from src\main\AndroidManifest.xml:298:9-306:20
	android:screenOrientation
		ADDED from src\main\AndroidManifest.xml:301:13-49
	android:exported
		ADDED from src\main\AndroidManifest.xml:300:13-37
	android:theme
		ADDED from src\main\AndroidManifest.xml:302:13-56
	android:name
		ADDED from src\main\AndroidManifest.xml:299:13-46
activity#.AddItemsActivity
ADDED from src\main\AndroidManifest.xml:307:9-316:20
	android:screenOrientation
		ADDED from src\main\AndroidManifest.xml:311:13-47
	android:exported
		ADDED from src\main\AndroidManifest.xml:310:13-37
	android:configChanges
		ADDED from src\main\AndroidManifest.xml:309:13-59
	android:theme
		ADDED from src\main\AndroidManifest.xml:312:13-56
	android:name
		ADDED from src\main\AndroidManifest.xml:308:13-45
activity#.AddQuantity
ADDED from src\main\AndroidManifest.xml:317:9-326:20
	android:screenOrientation
		ADDED from src\main\AndroidManifest.xml:321:13-47
	android:exported
		ADDED from src\main\AndroidManifest.xml:320:13-37
	android:configChanges
		ADDED from src\main\AndroidManifest.xml:319:13-59
	android:theme
		ADDED from src\main\AndroidManifest.xml:322:13-56
	android:name
		ADDED from src\main\AndroidManifest.xml:318:13-40
activity#.NewOrderActivity
ADDED from src\main\AndroidManifest.xml:327:9-331:59
	android:launchMode
		ADDED from src\main\AndroidManifest.xml:330:13-44
	android:exported
		ADDED from src\main\AndroidManifest.xml:329:13-37
	android:theme
		ADDED from src\main\AndroidManifest.xml:331:13-56
	android:name
		ADDED from src\main\AndroidManifest.xml:328:13-45
activity#.UpdateOrderActivity
ADDED from src\main\AndroidManifest.xml:332:9-337:50
	android:screenOrientation
		ADDED from src\main\AndroidManifest.xml:337:13-47
	android:launchMode
		ADDED from src\main\AndroidManifest.xml:336:13-44
	android:exported
		ADDED from src\main\AndroidManifest.xml:335:13-37
	android:configChanges
		ADDED from src\main\AndroidManifest.xml:334:13-59
	android:name
		ADDED from src\main\AndroidManifest.xml:333:13-48
activity#.ModifyOrder
ADDED from src\main\AndroidManifest.xml:338:9-344:59
	android:screenOrientation
		ADDED from src\main\AndroidManifest.xml:343:13-47
	android:launchMode
		ADDED from src\main\AndroidManifest.xml:342:13-44
	android:exported
		ADDED from src\main\AndroidManifest.xml:341:13-37
	android:configChanges
		ADDED from src\main\AndroidManifest.xml:340:13-59
	android:theme
		ADDED from src\main\AndroidManifest.xml:344:13-56
	android:name
		ADDED from src\main\AndroidManifest.xml:339:13-40
activity#.MainActivity
ADDED from src\main\AndroidManifest.xml:345:9-352:20
	android:exported
		ADDED from src\main\AndroidManifest.xml:348:13-37
	android:configChanges
		ADDED from src\main\AndroidManifest.xml:347:13-59
	android:name
		ADDED from src\main\AndroidManifest.xml:346:13-41
activity#.NewSaleActivity
ADDED from src\main\AndroidManifest.xml:353:9-363:20
	android:screenOrientation
		ADDED from src\main\AndroidManifest.xml:357:13-49
	android:launchMode
		ADDED from src\main\AndroidManifest.xml:356:13-44
	android:exported
		ADDED from src\main\AndroidManifest.xml:355:13-37
	tools:ignore
		ADDED from src\main\AndroidManifest.xml:359:13-53
	android:theme
		ADDED from src\main\AndroidManifest.xml:358:13-56
	android:name
		ADDED from src\main\AndroidManifest.xml:354:13-44
activity#.LoginActivity
ADDED from src\main\AndroidManifest.xml:364:9-371:20
	android:exported
		ADDED from src\main\AndroidManifest.xml:366:13-37
	android:theme
		ADDED from src\main\AndroidManifest.xml:367:13-56
	android:name
		ADDED from src\main\AndroidManifest.xml:365:13-42
activity#.ZebraPrinter.ReceiptDemo
ADDED from src\main\AndroidManifest.xml:372:9-376:68
	android:screenOrientation
		ADDED from src\main\AndroidManifest.xml:374:13-49
	android:windowSoftInputMode
		ADDED from src\main\AndroidManifest.xml:376:13-65
	android:theme
		ADDED from src\main\AndroidManifest.xml:375:13-56
	android:name
		ADDED from src\main\AndroidManifest.xml:373:13-53
activity#.ZebraPrinter.ReceiptDemo2
ADDED from src\main\AndroidManifest.xml:377:9-381:68
	android:screenOrientation
		ADDED from src\main\AndroidManifest.xml:379:13-49
	android:windowSoftInputMode
		ADDED from src\main\AndroidManifest.xml:381:13-65
	android:theme
		ADDED from src\main\AndroidManifest.xml:380:13-56
	android:name
		ADDED from src\main\AndroidManifest.xml:378:13-54
activity#.ZebraPrinter.NewSaleReceiptDemo